<?xml version="1.0" encoding="UTF-8"?>
<coverage generated="1667947865594" clover="3.2.0">
  <project timestamp="1667947865594" name="All files">
    <metrics statements="22" coveredstatements="5" conditionals="0" coveredconditionals="0" methods="9" coveredmethods="0" elements="31" coveredelements="5" complexity="0" loc="22" ncloc="22" packages="1" files="1" classes="1"/>
    <file name="test.js" path="/Users/samirziad/IdeaProjects/ColorCorrector/Group17/test.js">
      <metrics statements="22" coveredstatements="5" conditionals="0" coveredconditionals="0" methods="9" coveredmethods="0"/>
      <line num="1" count="1" type="stmt"/>
      <line num="5" count="1" type="stmt"/>
      <line num="6" count="0" type="stmt"/>
      <line num="8" count="0" type="stmt"/>
      <line num="9" count="0" type="stmt"/>
      <line num="11" count="0" type="stmt"/>
      <line num="12" count="0" type="stmt"/>
      <line num="15" count="0" type="stmt"/>
      <line num="16" count="0" type="stmt"/>
      <line num="20" count="1" type="stmt"/>
      <line num="22" count="1" type="stmt"/>
      <line num="24" count="0" type="stmt"/>
      <line num="25" count="0" type="stmt"/>
      <line num="26" count="0" type="stmt"/>
      <line num="29" count="0" type="stmt"/>
      <line num="33" count="1" type="stmt"/>
      <line num="34" count="0" type="stmt"/>
      <line num="37" count="0" type="stmt"/>
      <line num="38" count="0" type="stmt"/>
      <line num="39" count="0" type="stmt"/>
      <line num="40" count="0" type="stmt"/>
      <line num="41" count="0" type="stmt"/>
    </file>
  </project>
</coverage>
