{"/Users/samirziad/IdeaProjects/ColorCorrector/Group17/popup.js": {"path":"/Users/samirziad/IdeaProjects/ColorCorrector/Group17/popup.js","statementMap":{"0":{"start":{"line":2,"column":12},"end":{"line":2,"column":40}},"1":{"start":{"line":3,"column":0},"end":{"line":3,"column":19}},"2":{"start":{"line":4,"column":0},"end":{"line":4,"column":36}},"3":{"start":{"line":5,"column":0},"end":{"line":5,"column":33}},"4":{"start":{"line":8,"column":10},"end":{"line":8,"column":42}},"5":{"start":{"line":9,"column":0},"end":{"line":9,"column":18}},"6":{"start":{"line":10,"column":0},"end":{"line":10,"column":27}},"7":{"start":{"line":11,"column":0},"end":{"line":16,"column":2}},"8":{"start":{"line":12,"column":18},"end":{"line":12,"column":46}},"9":{"start":{"line":13,"column":4},"end":{"line":13,"column":27}},"10":{"start":{"line":14,"column":4},"end":{"line":14,"column":46}},"11":{"start":{"line":15,"column":4},"end":{"line":15,"column":39}},"12":{"start":{"line":17,"column":0},"end":{"line":17,"column":31}}},"fnMap":{"0":{"name":"(anonymous_0)","decl":{"start":{"line":11,"column":14},"end":{"line":11,"column":15}},"loc":{"start":{"line":11,"column":26},"end":{"line":16,"column":1}},"line":11}},"branchMap":{},"s":{"0":1,"1":1,"2":1,"3":1,"4":1,"5":1,"6":1,"7":1,"8":1,"9":1,"10":1,"11":1,"12":1},"f":{"0":1},"b":{},"_coverageSchema":"1a1c01bbd47fc00a2c39e90264f33305004495a9","hash":"24e276b6a0ef906326681005dee3ac56a3eb9947"}
}
