{"/Users/samirziad/IdeaProjects/ColorCorrector/Group17/test.js": {"path":"/Users/samirziad/IdeaProjects/ColorCorrector/Group17/test.js","statementMap":{"0":{"start":{"line":1,"column":0},"end":{"line":2,"column":54}},"1":{"start":{"line":5,"column":0},"end":{"line":18,"column":3}},"2":{"start":{"line":6,"column":3},"end":{"line":17,"column":5}},"3":{"start":{"line":8,"column":6},"end":{"line":10,"column":9}},"4":{"start":{"line":9,"column":9},"end":{"line":9,"column":44}},"5":{"start":{"line":11,"column":6},"end":{"line":13,"column":9}},"6":{"start":{"line":12,"column":9},"end":{"line":12,"column":40}},"7":{"start":{"line":15,"column":6},"end":{"line":15,"column":46}},"8":{"start":{"line":16,"column":6},"end":{"line":16,"column":42}},"9":{"start":{"line":20,"column":0},"end":{"line":20,"column":52}},"10":{"start":{"line":22,"column":0},"end":{"line":32,"column":2}},"11":{"start":{"line":24,"column":3},"end":{"line":30,"column":5}},"12":{"start":{"line":25,"column":6},"end":{"line":27,"column":8}},"13":{"start":{"line":26,"column":9},"end":{"line":26,"column":43}},"14":{"start":{"line":29,"column":6},"end":{"line":29,"column":50}},"15":{"start":{"line":33,"column":0},"end":{"line":45,"column":3}},"16":{"start":{"line":34,"column":3},"end":{"line":44,"column":5}},"17":{"start":{"line":37,"column":6},"end":{"line":37,"column":42}},"18":{"start":{"line":38,"column":6},"end":{"line":38,"column":36}},"19":{"start":{"line":39,"column":6},"end":{"line":39,"column":35}},"20":{"start":{"line":40,"column":6},"end":{"line":40,"column":44}},"21":{"start":{"line":41,"column":6},"end":{"line":41,"column":29}}},"fnMap":{"0":{"name":"(anonymous_0)","decl":{"start":{"line":5,"column":13},"end":{"line":5,"column":14}},"loc":{"start":{"line":5,"column":28},"end":{"line":18,"column":1}},"line":5},"1":{"name":"(anonymous_1)","decl":{"start":{"line":6,"column":33},"end":{"line":6,"column":34}},"loc":{"start":{"line":6,"column":39},"end":{"line":17,"column":4}},"line":6},"2":{"name":"(anonymous_2)","decl":{"start":{"line":8,"column":23},"end":{"line":8,"column":24}},"loc":{"start":{"line":8,"column":36},"end":{"line":10,"column":7}},"line":8},"3":{"name":"(anonymous_3)","decl":{"start":{"line":11,"column":19},"end":{"line":11,"column":20}},"loc":{"start":{"line":11,"column":28},"end":{"line":13,"column":7}},"line":11},"4":{"name":"(anonymous_4)","decl":{"start":{"line":22,"column":21},"end":{"line":22,"column":22}},"loc":{"start":{"line":22,"column":39},"end":{"line":32,"column":1}},"line":22},"5":{"name":"(anonymous_5)","decl":{"start":{"line":24,"column":36},"end":{"line":24,"column":37}},"loc":{"start":{"line":24,"column":42},"end":{"line":30,"column":4}},"line":24},"6":{"name":"(anonymous_6)","decl":{"start":{"line":25,"column":27},"end":{"line":25,"column":28}},"loc":{"start":{"line":25,"column":37},"end":{"line":27,"column":7}},"line":25},"7":{"name":"(anonymous_7)","decl":{"start":{"line":33,"column":44},"end":{"line":33,"column":45}},"loc":{"start":{"line":33,"column":55},"end":{"line":45,"column":1}},"line":33},"8":{"name":"(anonymous_8)","decl":{"start":{"line":34,"column":67},"end":{"line":34,"column":68}},"loc":{"start":{"line":34,"column":73},"end":{"line":44,"column":4}},"line":34}},"branchMap":{},"s":{"0":1,"1":1,"2":0,"3":0,"4":0,"5":0,"6":0,"7":0,"8":0,"9":1,"10":1,"11":0,"12":0,"13":0,"14":0,"15":1,"16":0,"17":0,"18":0,"19":0,"20":0,"21":0},"f":{"0":0,"1":0,"2":0,"3":0,"4":0,"5":0,"6":0,"7":0,"8":0},"b":{},"_coverageSchema":"1a1c01bbd47fc00a2c39e90264f33305004495a9","hash":"1b5e758ff1d48e2ce4b6429637d46c788d097a64"}
}
